The system is: Linux - 6.5.0-1025-azure - x86_64
Compiling the C compiler identification source file "CMakeCCompilerId.c" succeeded.
Compiler: /usr/bin/cc 
Build flags: 
Id flags:  

The output was:
0


Compilation of the C compiler identification source "CMakeCCompilerId.c" produced "a.out"

The C compiler identification is GNU, found in "/workspaces/PyAuth/cJSON_BUILD/CMakeFiles/3.16.3/CompilerIdC/a.out"

Determining if the C compiler works passed with the following output:
Change Dir: /workspaces/PyAuth/cJSON_BUILD/CMakeFiles/CMakeTmp

Run Build Command(s):/usr/bin/make cmTC_19ae1/fast && /usr/bin/make -f CMakeFiles/cmTC_19ae1.dir/build.make CMakeFiles/cmTC_19ae1.dir/build
make[1]: Entering directory '/workspaces/PyAuth/cJSON_BUILD/CMakeFiles/CMakeTmp'
Building C object CMakeFiles/cmTC_19ae1.dir/testCCompiler.c.o
/usr/bin/cc    -o CMakeFiles/cmTC_19ae1.dir/testCCompiler.c.o   -c /workspaces/PyAuth/cJSON_BUILD/CMakeFiles/CMakeTmp/testCCompiler.c
Linking C executable cmTC_19ae1
/usr/bin/cmake -E cmake_link_script CMakeFiles/cmTC_19ae1.dir/link.txt --verbose=1
/usr/bin/cc      -rdynamic CMakeFiles/cmTC_19ae1.dir/testCCompiler.c.o  -o cmTC_19ae1 
make[1]: Leaving directory '/workspaces/PyAuth/cJSON_BUILD/CMakeFiles/CMakeTmp'



Detecting C compiler ABI info compiled with the following output:
Change Dir: /workspaces/PyAuth/cJSON_BUILD/CMakeFiles/CMakeTmp

Run Build Command(s):/usr/bin/make cmTC_54d86/fast && /usr/bin/make -f CMakeFiles/cmTC_54d86.dir/build.make CMakeFiles/cmTC_54d86.dir/build
make[1]: Entering directory '/workspaces/PyAuth/cJSON_BUILD/CMakeFiles/CMakeTmp'
Building C object CMakeFiles/cmTC_54d86.dir/CMakeCCompilerABI.c.o
/usr/bin/cc   -v -o CMakeFiles/cmTC_54d86.dir/CMakeCCompilerABI.c.o   -c /usr/share/cmake-3.16/Modules/CMakeCCompilerABI.c
Using built-in specs.
COLLECT_GCC=/usr/bin/cc
OFFLOAD_TARGET_NAMES=nvptx-none:hsa
OFFLOAD_TARGET_DEFAULT=1
Target: x86_64-linux-gnu
Configured with: ../src/configure -v --with-pkgversion='Ubuntu 9.4.0-1ubuntu1~20.04.2' --with-bugurl=file:///usr/share/doc/gcc-9/README.Bugs --enable-languages=c,ada,c++,go,brig,d,fortran,objc,obj-c++,gm2 --prefix=/usr --with-gcc-major-version-only --program-suffix=-9 --program-prefix=x86_64-linux-gnu- --enable-shared --enable-linker-build-id --libexecdir=/usr/lib --without-included-gettext --enable-threads=posix --libdir=/usr/lib --enable-nls --enable-clocale=gnu --enable-libstdcxx-debug --enable-libstdcxx-time=yes --with-default-libstdcxx-abi=new --enable-gnu-unique-object --disable-vtable-verify --enable-plugin --enable-default-pie --with-system-zlib --with-target-system-zlib=auto --enable-objc-gc=auto --enable-multiarch --disable-werror --with-arch-32=i686 --with-abi=m64 --with-multilib-list=m32,m64,mx32 --enable-multilib --with-tune=generic --enable-offload-targets=nvptx-none=/build/gcc-9-9QDOt0/gcc-9-9.4.0/debian/tmp-nvptx/usr,hsa --without-cuda-driver --enable-checking=release --build=x86_64-linux-gnu --host=x86_64-linux-gnu --target=x86_64-linux-gnu
Thread model: posix
gcc version 9.4.0 (Ubuntu 9.4.0-1ubuntu1~20.04.2) 
COLLECT_GCC_OPTIONS='-v' '-o' 'CMakeFiles/cmTC_54d86.dir/CMakeCCompilerABI.c.o' '-c' '-mtune=generic' '-march=x86-64'
 /usr/lib/gcc/x86_64-linux-gnu/9/cc1 -quiet -v -imultiarch x86_64-linux-gnu /usr/share/cmake-3.16/Modules/CMakeCCompilerABI.c -quiet -dumpbase CMakeCCompilerABI.c -mtune=generic -march=x86-64 -auxbase-strip CMakeFiles/cmTC_54d86.dir/CMakeCCompilerABI.c.o -version -fasynchronous-unwind-tables -fstack-protector-strong -Wformat -Wformat-security -fstack-clash-protection -fcf-protection -o /tmp/ccRmz5wD.s
GNU C17 (Ubuntu 9.4.0-1ubuntu1~20.04.2) version 9.4.0 (x86_64-linux-gnu)
	compiled by GNU C version 9.4.0, GMP version 6.2.0, MPFR version 4.0.2, MPC version 1.1.0, isl version isl-0.22.1-GMP

GGC heuristics: --param ggc-min-expand=100 --param ggc-min-heapsize=131072
ignoring nonexistent directory "/usr/local/include/x86_64-linux-gnu"
ignoring nonexistent directory "/usr/lib/gcc/x86_64-linux-gnu/9/include-fixed"
ignoring nonexistent directory "/usr/lib/gcc/x86_64-linux-gnu/9/../../../../x86_64-linux-gnu/include"
#include "..." search starts here:
#include <...> search starts here:
 /usr/lib/gcc/x86_64-linux-gnu/9/include
 /usr/local/include
 /usr/include/x86_64-linux-gnu
 /usr/include
End of search list.
GNU C17 (Ubuntu 9.4.0-1ubuntu1~20.04.2) version 9.4.0 (x86_64-linux-gnu)
	compiled by GNU C version 9.4.0, GMP version 6.2.0, MPFR version 4.0.2, MPC version 1.1.0, isl version isl-0.22.1-GMP

GGC heuristics: --param ggc-min-expand=100 --param ggc-min-heapsize=131072
Compiler executable checksum: 01da938ff5dc2163489aa33cb3b747a7
COLLECT_GCC_OPTIONS='-v' '-o' 'CMakeFiles/cmTC_54d86.dir/CMakeCCompilerABI.c.o' '-c' '-mtune=generic' '-march=x86-64'
 as -v --64 -o CMakeFiles/cmTC_54d86.dir/CMakeCCompilerABI.c.o /tmp/ccRmz5wD.s
GNU assembler version 2.34 (x86_64-linux-gnu) using BFD version (GNU Binutils for Ubuntu) 2.34
COMPILER_PATH=/usr/lib/gcc/x86_64-linux-gnu/9/:/usr/lib/gcc/x86_64-linux-gnu/9/:/usr/lib/gcc/x86_64-linux-gnu/:/usr/lib/gcc/x86_64-linux-gnu/9/:/usr/lib/gcc/x86_64-linux-gnu/
LIBRARY_PATH=/usr/lib/gcc/x86_64-linux-gnu/9/:/usr/lib/gcc/x86_64-linux-gnu/9/../../../x86_64-linux-gnu/:/usr/lib/gcc/x86_64-linux-gnu/9/../../../../lib/:/lib/x86_64-linux-gnu/:/lib/../lib/:/usr/lib/x86_64-linux-gnu/:/usr/lib/../lib/:/usr/lib/gcc/x86_64-linux-gnu/9/../../../:/lib/:/usr/lib/
COLLECT_GCC_OPTIONS='-v' '-o' 'CMakeFiles/cmTC_54d86.dir/CMakeCCompilerABI.c.o' '-c' '-mtune=generic' '-march=x86-64'
Linking C executable cmTC_54d86
/usr/bin/cmake -E cmake_link_script CMakeFiles/cmTC_54d86.dir/link.txt --verbose=1
/usr/bin/cc     -v -rdynamic CMakeFiles/cmTC_54d86.dir/CMakeCCompilerABI.c.o  -o cmTC_54d86 
Using built-in specs.
COLLECT_GCC=/usr/bin/cc
COLLECT_LTO_WRAPPER=/usr/lib/gcc/x86_64-linux-gnu/9/lto-wrapper
OFFLOAD_TARGET_NAMES=nvptx-none:hsa
OFFLOAD_TARGET_DEFAULT=1
Target: x86_64-linux-gnu
Configured with: ../src/configure -v --with-pkgversion='Ubuntu 9.4.0-1ubuntu1~20.04.2' --with-bugurl=file:///usr/share/doc/gcc-9/README.Bugs --enable-languages=c,ada,c++,go,brig,d,fortran,objc,obj-c++,gm2 --prefix=/usr --with-gcc-major-version-only --program-suffix=-9 --program-prefix=x86_64-linux-gnu- --enable-shared --enable-linker-build-id --libexecdir=/usr/lib --without-included-gettext --enable-threads=posix --libdir=/usr/lib --enable-nls --enable-clocale=gnu --enable-libstdcxx-debug --enable-libstdcxx-time=yes --with-default-libstdcxx-abi=new --enable-gnu-unique-object --disable-vtable-verify --enable-plugin --enable-default-pie --with-system-zlib --with-target-system-zlib=auto --enable-objc-gc=auto --enable-multiarch --disable-werror --with-arch-32=i686 --with-abi=m64 --with-multilib-list=m32,m64,mx32 --enable-multilib --with-tune=generic --enable-offload-targets=nvptx-none=/build/gcc-9-9QDOt0/gcc-9-9.4.0/debian/tmp-nvptx/usr,hsa --without-cuda-driver --enable-checking=release --build=x86_64-linux-gnu --host=x86_64-linux-gnu --target=x86_64-linux-gnu
Thread model: posix
gcc version 9.4.0 (Ubuntu 9.4.0-1ubuntu1~20.04.2) 
COMPILER_PATH=/usr/lib/gcc/x86_64-linux-gnu/9/:/usr/lib/gcc/x86_64-linux-gnu/9/:/usr/lib/gcc/x86_64-linux-gnu/:/usr/lib/gcc/x86_64-linux-gnu/9/:/usr/lib/gcc/x86_64-linux-gnu/
LIBRARY_PATH=/usr/lib/gcc/x86_64-linux-gnu/9/:/usr/lib/gcc/x86_64-linux-gnu/9/../../../x86_64-linux-gnu/:/usr/lib/gcc/x86_64-linux-gnu/9/../../../../lib/:/lib/x86_64-linux-gnu/:/lib/../lib/:/usr/lib/x86_64-linux-gnu/:/usr/lib/../lib/:/usr/lib/gcc/x86_64-linux-gnu/9/../../../:/lib/:/usr/lib/
COLLECT_GCC_OPTIONS='-v' '-rdynamic' '-o' 'cmTC_54d86' '-mtune=generic' '-march=x86-64'
 /usr/lib/gcc/x86_64-linux-gnu/9/collect2 -plugin /usr/lib/gcc/x86_64-linux-gnu/9/liblto_plugin.so -plugin-opt=/usr/lib/gcc/x86_64-linux-gnu/9/lto-wrapper -plugin-opt=-fresolution=/tmp/cc4CvLL6.res -plugin-opt=-pass-through=-lgcc -plugin-opt=-pass-through=-lgcc_s -plugin-opt=-pass-through=-lc -plugin-opt=-pass-through=-lgcc -plugin-opt=-pass-through=-lgcc_s --build-id --eh-frame-hdr -m elf_x86_64 --hash-style=gnu --as-needed -export-dynamic -dynamic-linker /lib64/ld-linux-x86-64.so.2 -pie -z now -z relro -o cmTC_54d86 /usr/lib/gcc/x86_64-linux-gnu/9/../../../x86_64-linux-gnu/Scrt1.o /usr/lib/gcc/x86_64-linux-gnu/9/../../../x86_64-linux-gnu/crti.o /usr/lib/gcc/x86_64-linux-gnu/9/crtbeginS.o -L/usr/lib/gcc/x86_64-linux-gnu/9 -L/usr/lib/gcc/x86_64-linux-gnu/9/../../../x86_64-linux-gnu -L/usr/lib/gcc/x86_64-linux-gnu/9/../../../../lib -L/lib/x86_64-linux-gnu -L/lib/../lib -L/usr/lib/x86_64-linux-gnu -L/usr/lib/../lib -L/usr/lib/gcc/x86_64-linux-gnu/9/../../.. CMakeFiles/cmTC_54d86.dir/CMakeCCompilerABI.c.o -lgcc --push-state --as-needed -lgcc_s --pop-state -lc -lgcc --push-state --as-needed -lgcc_s --pop-state /usr/lib/gcc/x86_64-linux-gnu/9/crtendS.o /usr/lib/gcc/x86_64-linux-gnu/9/../../../x86_64-linux-gnu/crtn.o
COLLECT_GCC_OPTIONS='-v' '-rdynamic' '-o' 'cmTC_54d86' '-mtune=generic' '-march=x86-64'
make[1]: Leaving directory '/workspaces/PyAuth/cJSON_BUILD/CMakeFiles/CMakeTmp'



Parsed C implicit include dir info from above output: rv=done
  found start of include info
  found start of implicit include info
    add: [/usr/lib/gcc/x86_64-linux-gnu/9/include]
    add: [/usr/local/include]
    add: [/usr/include/x86_64-linux-gnu]
    add: [/usr/include]
  end of search list found
  collapse include dir [/usr/lib/gcc/x86_64-linux-gnu/9/include] ==> [/usr/lib/gcc/x86_64-linux-gnu/9/include]
  collapse include dir [/usr/local/include] ==> [/usr/local/include]
  collapse include dir [/usr/include/x86_64-linux-gnu] ==> [/usr/include/x86_64-linux-gnu]
  collapse include dir [/usr/include] ==> [/usr/include]
  implicit include dirs: [/usr/lib/gcc/x86_64-linux-gnu/9/include;/usr/local/include;/usr/include/x86_64-linux-gnu;/usr/include]


Parsed C implicit link information from above output:
  link line regex: [^( *|.*[/\])(ld|CMAKE_LINK_STARTFILE-NOTFOUND|([^/\]+-)?ld|collect2)[^/\]*( |$)]
  ignore line: [Change Dir: /workspaces/PyAuth/cJSON_BUILD/CMakeFiles/CMakeTmp]
  ignore line: []
  ignore line: [Run Build Command(s):/usr/bin/make cmTC_54d86/fast && /usr/bin/make -f CMakeFiles/cmTC_54d86.dir/build.make CMakeFiles/cmTC_54d86.dir/build]
  ignore line: [make[1]: Entering directory '/workspaces/PyAuth/cJSON_BUILD/CMakeFiles/CMakeTmp']
  ignore line: [Building C object CMakeFiles/cmTC_54d86.dir/CMakeCCompilerABI.c.o]
  ignore line: [/usr/bin/cc   -v -o CMakeFiles/cmTC_54d86.dir/CMakeCCompilerABI.c.o   -c /usr/share/cmake-3.16/Modules/CMakeCCompilerABI.c]
  ignore line: [Using built-in specs.]
  ignore line: [COLLECT_GCC=/usr/bin/cc]
  ignore line: [OFFLOAD_TARGET_NAMES=nvptx-none:hsa]
  ignore line: [OFFLOAD_TARGET_DEFAULT=1]
  ignore line: [Target: x86_64-linux-gnu]
  ignore line: [Configured with: ../src/configure -v --with-pkgversion='Ubuntu 9.4.0-1ubuntu1~20.04.2' --with-bugurl=file:///usr/share/doc/gcc-9/README.Bugs --enable-languages=c ada c++ go brig d fortran objc obj-c++ gm2 --prefix=/usr --with-gcc-major-version-only --program-suffix=-9 --program-prefix=x86_64-linux-gnu- --enable-shared --enable-linker-build-id --libexecdir=/usr/lib --without-included-gettext --enable-threads=posix --libdir=/usr/lib --enable-nls --enable-clocale=gnu --enable-libstdcxx-debug --enable-libstdcxx-time=yes --with-default-libstdcxx-abi=new --enable-gnu-unique-object --disable-vtable-verify --enable-plugin --enable-default-pie --with-system-zlib --with-target-system-zlib=auto --enable-objc-gc=auto --enable-multiarch --disable-werror --with-arch-32=i686 --with-abi=m64 --with-multilib-list=m32 m64 mx32 --enable-multilib --with-tune=generic --enable-offload-targets=nvptx-none=/build/gcc-9-9QDOt0/gcc-9-9.4.0/debian/tmp-nvptx/usr hsa --without-cuda-driver --enable-checking=release --build=x86_64-linux-gnu --host=x86_64-linux-gnu --target=x86_64-linux-gnu]
  ignore line: [Thread model: posix]
  ignore line: [gcc version 9.4.0 (Ubuntu 9.4.0-1ubuntu1~20.04.2) ]
  ignore line: [COLLECT_GCC_OPTIONS='-v' '-o' 'CMakeFiles/cmTC_54d86.dir/CMakeCCompilerABI.c.o' '-c' '-mtune=generic' '-march=x86-64']
  ignore line: [ /usr/lib/gcc/x86_64-linux-gnu/9/cc1 -quiet -v -imultiarch x86_64-linux-gnu /usr/share/cmake-3.16/Modules/CMakeCCompilerABI.c -quiet -dumpbase CMakeCCompilerABI.c -mtune=generic -march=x86-64 -auxbase-strip CMakeFiles/cmTC_54d86.dir/CMakeCCompilerABI.c.o -version -fasynchronous-unwind-tables -fstack-protector-strong -Wformat -Wformat-security -fstack-clash-protection -fcf-protection -o /tmp/ccRmz5wD.s]
  ignore line: [GNU C17 (Ubuntu 9.4.0-1ubuntu1~20.04.2) version 9.4.0 (x86_64-linux-gnu)]
  ignore line: [	compiled by GNU C version 9.4.0  GMP version 6.2.0  MPFR version 4.0.2  MPC version 1.1.0  isl version isl-0.22.1-GMP]
  ignore line: []
  ignore line: [GGC heuristics: --param ggc-min-expand=100 --param ggc-min-heapsize=131072]
  ignore line: [ignoring nonexistent directory "/usr/local/include/x86_64-linux-gnu"]
  ignore line: [ignoring nonexistent directory "/usr/lib/gcc/x86_64-linux-gnu/9/include-fixed"]
  ignore line: [ignoring nonexistent directory "/usr/lib/gcc/x86_64-linux-gnu/9/../../../../x86_64-linux-gnu/include"]
  ignore line: [#include "..." search starts here:]
  ignore line: [#include <...> search starts here:]
  ignore line: [ /usr/lib/gcc/x86_64-linux-gnu/9/include]
  ignore line: [ /usr/local/include]
  ignore line: [ /usr/include/x86_64-linux-gnu]
  ignore line: [ /usr/include]
  ignore line: [End of search list.]
  ignore line: [GNU C17 (Ubuntu 9.4.0-1ubuntu1~20.04.2) version 9.4.0 (x86_64-linux-gnu)]
  ignore line: [	compiled by GNU C version 9.4.0  GMP version 6.2.0  MPFR version 4.0.2  MPC version 1.1.0  isl version isl-0.22.1-GMP]
  ignore line: []
  ignore line: [GGC heuristics: --param ggc-min-expand=100 --param ggc-min-heapsize=131072]
  ignore line: [Compiler executable checksum: 01da938ff5dc2163489aa33cb3b747a7]
  ignore line: [COLLECT_GCC_OPTIONS='-v' '-o' 'CMakeFiles/cmTC_54d86.dir/CMakeCCompilerABI.c.o' '-c' '-mtune=generic' '-march=x86-64']
  ignore line: [ as -v --64 -o CMakeFiles/cmTC_54d86.dir/CMakeCCompilerABI.c.o /tmp/ccRmz5wD.s]
  ignore line: [GNU assembler version 2.34 (x86_64-linux-gnu) using BFD version (GNU Binutils for Ubuntu) 2.34]
  ignore line: [COMPILER_PATH=/usr/lib/gcc/x86_64-linux-gnu/9/:/usr/lib/gcc/x86_64-linux-gnu/9/:/usr/lib/gcc/x86_64-linux-gnu/:/usr/lib/gcc/x86_64-linux-gnu/9/:/usr/lib/gcc/x86_64-linux-gnu/]
  ignore line: [LIBRARY_PATH=/usr/lib/gcc/x86_64-linux-gnu/9/:/usr/lib/gcc/x86_64-linux-gnu/9/../../../x86_64-linux-gnu/:/usr/lib/gcc/x86_64-linux-gnu/9/../../../../lib/:/lib/x86_64-linux-gnu/:/lib/../lib/:/usr/lib/x86_64-linux-gnu/:/usr/lib/../lib/:/usr/lib/gcc/x86_64-linux-gnu/9/../../../:/lib/:/usr/lib/]
  ignore line: [COLLECT_GCC_OPTIONS='-v' '-o' 'CMakeFiles/cmTC_54d86.dir/CMakeCCompilerABI.c.o' '-c' '-mtune=generic' '-march=x86-64']
  ignore line: [Linking C executable cmTC_54d86]
  ignore line: [/usr/bin/cmake -E cmake_link_script CMakeFiles/cmTC_54d86.dir/link.txt --verbose=1]
  ignore line: [/usr/bin/cc     -v -rdynamic CMakeFiles/cmTC_54d86.dir/CMakeCCompilerABI.c.o  -o cmTC_54d86 ]
  ignore line: [Using built-in specs.]
  ignore line: [COLLECT_GCC=/usr/bin/cc]
  ignore line: [COLLECT_LTO_WRAPPER=/usr/lib/gcc/x86_64-linux-gnu/9/lto-wrapper]
  ignore line: [OFFLOAD_TARGET_NAMES=nvptx-none:hsa]
  ignore line: [OFFLOAD_TARGET_DEFAULT=1]
  ignore line: [Target: x86_64-linux-gnu]
  ignore line: [Configured with: ../src/configure -v --with-pkgversion='Ubuntu 9.4.0-1ubuntu1~20.04.2' --with-bugurl=file:///usr/share/doc/gcc-9/README.Bugs --enable-languages=c ada c++ go brig d fortran objc obj-c++ gm2 --prefix=/usr --with-gcc-major-version-only --program-suffix=-9 --program-prefix=x86_64-linux-gnu- --enable-shared --enable-linker-build-id --libexecdir=/usr/lib --without-included-gettext --enable-threads=posix --libdir=/usr/lib --enable-nls --enable-clocale=gnu --enable-libstdcxx-debug --enable-libstdcxx-time=yes --with-default-libstdcxx-abi=new --enable-gnu-unique-object --disable-vtable-verify --enable-plugin --enable-default-pie --with-system-zlib --with-target-system-zlib=auto --enable-objc-gc=auto --enable-multiarch --disable-werror --with-arch-32=i686 --with-abi=m64 --with-multilib-list=m32 m64 mx32 --enable-multilib --with-tune=generic --enable-offload-targets=nvptx-none=/build/gcc-9-9QDOt0/gcc-9-9.4.0/debian/tmp-nvptx/usr hsa --without-cuda-driver --enable-checking=release --build=x86_64-linux-gnu --host=x86_64-linux-gnu --target=x86_64-linux-gnu]
  ignore line: [Thread model: posix]
  ignore line: [gcc version 9.4.0 (Ubuntu 9.4.0-1ubuntu1~20.04.2) ]
  ignore line: [COMPILER_PATH=/usr/lib/gcc/x86_64-linux-gnu/9/:/usr/lib/gcc/x86_64-linux-gnu/9/:/usr/lib/gcc/x86_64-linux-gnu/:/usr/lib/gcc/x86_64-linux-gnu/9/:/usr/lib/gcc/x86_64-linux-gnu/]
  ignore line: [LIBRARY_PATH=/usr/lib/gcc/x86_64-linux-gnu/9/:/usr/lib/gcc/x86_64-linux-gnu/9/../../../x86_64-linux-gnu/:/usr/lib/gcc/x86_64-linux-gnu/9/../../../../lib/:/lib/x86_64-linux-gnu/:/lib/../lib/:/usr/lib/x86_64-linux-gnu/:/usr/lib/../lib/:/usr/lib/gcc/x86_64-linux-gnu/9/../../../:/lib/:/usr/lib/]
  ignore line: [COLLECT_GCC_OPTIONS='-v' '-rdynamic' '-o' 'cmTC_54d86' '-mtune=generic' '-march=x86-64']
  link line: [ /usr/lib/gcc/x86_64-linux-gnu/9/collect2 -plugin /usr/lib/gcc/x86_64-linux-gnu/9/liblto_plugin.so -plugin-opt=/usr/lib/gcc/x86_64-linux-gnu/9/lto-wrapper -plugin-opt=-fresolution=/tmp/cc4CvLL6.res -plugin-opt=-pass-through=-lgcc -plugin-opt=-pass-through=-lgcc_s -plugin-opt=-pass-through=-lc -plugin-opt=-pass-through=-lgcc -plugin-opt=-pass-through=-lgcc_s --build-id --eh-frame-hdr -m elf_x86_64 --hash-style=gnu --as-needed -export-dynamic -dynamic-linker /lib64/ld-linux-x86-64.so.2 -pie -z now -z relro -o cmTC_54d86 /usr/lib/gcc/x86_64-linux-gnu/9/../../../x86_64-linux-gnu/Scrt1.o /usr/lib/gcc/x86_64-linux-gnu/9/../../../x86_64-linux-gnu/crti.o /usr/lib/gcc/x86_64-linux-gnu/9/crtbeginS.o -L/usr/lib/gcc/x86_64-linux-gnu/9 -L/usr/lib/gcc/x86_64-linux-gnu/9/../../../x86_64-linux-gnu -L/usr/lib/gcc/x86_64-linux-gnu/9/../../../../lib -L/lib/x86_64-linux-gnu -L/lib/../lib -L/usr/lib/x86_64-linux-gnu -L/usr/lib/../lib -L/usr/lib/gcc/x86_64-linux-gnu/9/../../.. CMakeFiles/cmTC_54d86.dir/CMakeCCompilerABI.c.o -lgcc --push-state --as-needed -lgcc_s --pop-state -lc -lgcc --push-state --as-needed -lgcc_s --pop-state /usr/lib/gcc/x86_64-linux-gnu/9/crtendS.o /usr/lib/gcc/x86_64-linux-gnu/9/../../../x86_64-linux-gnu/crtn.o]
    arg [/usr/lib/gcc/x86_64-linux-gnu/9/collect2] ==> ignore
    arg [-plugin] ==> ignore
    arg [/usr/lib/gcc/x86_64-linux-gnu/9/liblto_plugin.so] ==> ignore
    arg [-plugin-opt=/usr/lib/gcc/x86_64-linux-gnu/9/lto-wrapper] ==> ignore
    arg [-plugin-opt=-fresolution=/tmp/cc4CvLL6.res] ==> ignore
    arg [-plugin-opt=-pass-through=-lgcc] ==> ignore
    arg [-plugin-opt=-pass-through=-lgcc_s] ==> ignore
    arg [-plugin-opt=-pass-through=-lc] ==> ignore
    arg [-plugin-opt=-pass-through=-lgcc] ==> ignore
    arg [-plugin-opt=-pass-through=-lgcc_s] ==> ignore
    arg [--build-id] ==> ignore
    arg [--eh-frame-hdr] ==> ignore
    arg [-m] ==> ignore
    arg [elf_x86_64] ==> ignore
    arg [--hash-style=gnu] ==> ignore
    arg [--as-needed] ==> ignore
    arg [-export-dynamic] ==> ignore
    arg [-dynamic-linker] ==> ignore
    arg [/lib64/ld-linux-x86-64.so.2] ==> ignore
    arg [-pie] ==> ignore
    arg [-znow] ==> ignore
    arg [-zrelro] ==> ignore
    arg [-o] ==> ignore
    arg [cmTC_54d86] ==> ignore
    arg [/usr/lib/gcc/x86_64-linux-gnu/9/../../../x86_64-linux-gnu/Scrt1.o] ==> ignore
    arg [/usr/lib/gcc/x86_64-linux-gnu/9/../../../x86_64-linux-gnu/crti.o] ==> ignore
    arg [/usr/lib/gcc/x86_64-linux-gnu/9/crtbeginS.o] ==> ignore
    arg [-L/usr/lib/gcc/x86_64-linux-gnu/9] ==> dir [/usr/lib/gcc/x86_64-linux-gnu/9]
    arg [-L/usr/lib/gcc/x86_64-linux-gnu/9/../../../x86_64-linux-gnu] ==> dir [/usr/lib/gcc/x86_64-linux-gnu/9/../../../x86_64-linux-gnu]
    arg [-L/usr/lib/gcc/x86_64-linux-gnu/9/../../../../lib] ==> dir [/usr/lib/gcc/x86_64-linux-gnu/9/../../../../lib]
    arg [-L/lib/x86_64-linux-gnu] ==> dir [/lib/x86_64-linux-gnu]
    arg [-L/lib/../lib] ==> dir [/lib/../lib]
    arg [-L/usr/lib/x86_64-linux-gnu] ==> dir [/usr/lib/x86_64-linux-gnu]
    arg [-L/usr/lib/../lib] ==> dir [/usr/lib/../lib]
    arg [-L/usr/lib/gcc/x86_64-linux-gnu/9/../../..] ==> dir [/usr/lib/gcc/x86_64-linux-gnu/9/../../..]
    arg [CMakeFiles/cmTC_54d86.dir/CMakeCCompilerABI.c.o] ==> ignore
    arg [-lgcc] ==> lib [gcc]
    arg [--push-state] ==> ignore
    arg [--as-needed] ==> ignore
    arg [-lgcc_s] ==> lib [gcc_s]
    arg [--pop-state] ==> ignore
    arg [-lc] ==> lib [c]
    arg [-lgcc] ==> lib [gcc]
    arg [--push-state] ==> ignore
    arg [--as-needed] ==> ignore
    arg [-lgcc_s] ==> lib [gcc_s]
    arg [--pop-state] ==> ignore
    arg [/usr/lib/gcc/x86_64-linux-gnu/9/crtendS.o] ==> ignore
    arg [/usr/lib/gcc/x86_64-linux-gnu/9/../../../x86_64-linux-gnu/crtn.o] ==> ignore
  collapse library dir [/usr/lib/gcc/x86_64-linux-gnu/9] ==> [/usr/lib/gcc/x86_64-linux-gnu/9]
  collapse library dir [/usr/lib/gcc/x86_64-linux-gnu/9/../../../x86_64-linux-gnu] ==> [/usr/lib/x86_64-linux-gnu]
  collapse library dir [/usr/lib/gcc/x86_64-linux-gnu/9/../../../../lib] ==> [/usr/lib]
  collapse library dir [/lib/x86_64-linux-gnu] ==> [/lib/x86_64-linux-gnu]
  collapse library dir [/lib/../lib] ==> [/lib]
  collapse library dir [/usr/lib/x86_64-linux-gnu] ==> [/usr/lib/x86_64-linux-gnu]
  collapse library dir [/usr/lib/../lib] ==> [/usr/lib]
  collapse library dir [/usr/lib/gcc/x86_64-linux-gnu/9/../../..] ==> [/usr/lib]
  implicit libs: [gcc;gcc_s;c;gcc;gcc_s]
  implicit dirs: [/usr/lib/gcc/x86_64-linux-gnu/9;/usr/lib/x86_64-linux-gnu;/usr/lib;/lib/x86_64-linux-gnu;/lib]
  implicit fwks: []


Performing C SOURCE FILE Test FLAG_SUPPORTED_stdc89 succeeded with the following output:
Change Dir: /workspaces/PyAuth/cJSON_BUILD/CMakeFiles/CMakeTmp

Run Build Command(s):/usr/bin/make cmTC_7fe66/fast && /usr/bin/make -f CMakeFiles/cmTC_7fe66.dir/build.make CMakeFiles/cmTC_7fe66.dir/build
make[1]: Entering directory '/workspaces/PyAuth/cJSON_BUILD/CMakeFiles/CMakeTmp'
Building C object CMakeFiles/cmTC_7fe66.dir/src.c.o
/usr/bin/cc   -DFLAG_SUPPORTED_stdc89   -std=c89 -o CMakeFiles/cmTC_7fe66.dir/src.c.o   -c /workspaces/PyAuth/cJSON_BUILD/CMakeFiles/CMakeTmp/src.c
Linking C executable cmTC_7fe66
/usr/bin/cmake -E cmake_link_script CMakeFiles/cmTC_7fe66.dir/link.txt --verbose=1
/usr/bin/cc  -DFLAG_SUPPORTED_stdc89    -rdynamic CMakeFiles/cmTC_7fe66.dir/src.c.o  -o cmTC_7fe66 
make[1]: Leaving directory '/workspaces/PyAuth/cJSON_BUILD/CMakeFiles/CMakeTmp'


Source file was:
int main(void) { return 0; }
Performing C SOURCE FILE Test FLAG_SUPPORTED_pedantic succeeded with the following output:
Change Dir: /workspaces/PyAuth/cJSON_BUILD/CMakeFiles/CMakeTmp

Run Build Command(s):/usr/bin/make cmTC_74498/fast && /usr/bin/make -f CMakeFiles/cmTC_74498.dir/build.make CMakeFiles/cmTC_74498.dir/build
make[1]: Entering directory '/workspaces/PyAuth/cJSON_BUILD/CMakeFiles/CMakeTmp'
Building C object CMakeFiles/cmTC_74498.dir/src.c.o
/usr/bin/cc   -std=c89 -DFLAG_SUPPORTED_pedantic   -pedantic -o CMakeFiles/cmTC_74498.dir/src.c.o   -c /workspaces/PyAuth/cJSON_BUILD/CMakeFiles/CMakeTmp/src.c
Linking C executable cmTC_74498
/usr/bin/cmake -E cmake_link_script CMakeFiles/cmTC_74498.dir/link.txt --verbose=1
/usr/bin/cc  -std=c89 -DFLAG_SUPPORTED_pedantic    -rdynamic CMakeFiles/cmTC_74498.dir/src.c.o  -o cmTC_74498 
make[1]: Leaving directory '/workspaces/PyAuth/cJSON_BUILD/CMakeFiles/CMakeTmp'


Source file was:
int main(void) { return 0; }
Performing C SOURCE FILE Test FLAG_SUPPORTED_Wall succeeded with the following output:
Change Dir: /workspaces/PyAuth/cJSON_BUILD/CMakeFiles/CMakeTmp

Run Build Command(s):/usr/bin/make cmTC_30c84/fast && /usr/bin/make -f CMakeFiles/cmTC_30c84.dir/build.make CMakeFiles/cmTC_30c84.dir/build
make[1]: Entering directory '/workspaces/PyAuth/cJSON_BUILD/CMakeFiles/CMakeTmp'
Building C object CMakeFiles/cmTC_30c84.dir/src.c.o
/usr/bin/cc   -std=c89 -pedantic -DFLAG_SUPPORTED_Wall   -Wall -o CMakeFiles/cmTC_30c84.dir/src.c.o   -c /workspaces/PyAuth/cJSON_BUILD/CMakeFiles/CMakeTmp/src.c
Linking C executable cmTC_30c84
/usr/bin/cmake -E cmake_link_script CMakeFiles/cmTC_30c84.dir/link.txt --verbose=1
/usr/bin/cc  -std=c89 -pedantic -DFLAG_SUPPORTED_Wall    -rdynamic CMakeFiles/cmTC_30c84.dir/src.c.o  -o cmTC_30c84 
make[1]: Leaving directory '/workspaces/PyAuth/cJSON_BUILD/CMakeFiles/CMakeTmp'


Source file was:
int main(void) { return 0; }
Performing C SOURCE FILE Test FLAG_SUPPORTED_Wextra succeeded with the following output:
Change Dir: /workspaces/PyAuth/cJSON_BUILD/CMakeFiles/CMakeTmp

Run Build Command(s):/usr/bin/make cmTC_534c5/fast && /usr/bin/make -f CMakeFiles/cmTC_534c5.dir/build.make CMakeFiles/cmTC_534c5.dir/build
make[1]: Entering directory '/workspaces/PyAuth/cJSON_BUILD/CMakeFiles/CMakeTmp'
Building C object CMakeFiles/cmTC_534c5.dir/src.c.o
/usr/bin/cc   -std=c89 -pedantic -Wall -DFLAG_SUPPORTED_Wextra   -Wextra -o CMakeFiles/cmTC_534c5.dir/src.c.o   -c /workspaces/PyAuth/cJSON_BUILD/CMakeFiles/CMakeTmp/src.c
Linking C executable cmTC_534c5
/usr/bin/cmake -E cmake_link_script CMakeFiles/cmTC_534c5.dir/link.txt --verbose=1
/usr/bin/cc  -std=c89 -pedantic -Wall -DFLAG_SUPPORTED_Wextra    -rdynamic CMakeFiles/cmTC_534c5.dir/src.c.o  -o cmTC_534c5 
make[1]: Leaving directory '/workspaces/PyAuth/cJSON_BUILD/CMakeFiles/CMakeTmp'


Source file was:
int main(void) { return 0; }
Performing C SOURCE FILE Test FLAG_SUPPORTED_Werror succeeded with the following output:
Change Dir: /workspaces/PyAuth/cJSON_BUILD/CMakeFiles/CMakeTmp

Run Build Command(s):/usr/bin/make cmTC_cf6c0/fast && /usr/bin/make -f CMakeFiles/cmTC_cf6c0.dir/build.make CMakeFiles/cmTC_cf6c0.dir/build
make[1]: Entering directory '/workspaces/PyAuth/cJSON_BUILD/CMakeFiles/CMakeTmp'
Building C object CMakeFiles/cmTC_cf6c0.dir/src.c.o
/usr/bin/cc   -std=c89 -pedantic -Wall -Wextra -DFLAG_SUPPORTED_Werror   -Werror -o CMakeFiles/cmTC_cf6c0.dir/src.c.o   -c /workspaces/PyAuth/cJSON_BUILD/CMakeFiles/CMakeTmp/src.c
Linking C executable cmTC_cf6c0
/usr/bin/cmake -E cmake_link_script CMakeFiles/cmTC_cf6c0.dir/link.txt --verbose=1
/usr/bin/cc  -std=c89 -pedantic -Wall -Wextra -DFLAG_SUPPORTED_Werror    -rdynamic CMakeFiles/cmTC_cf6c0.dir/src.c.o  -o cmTC_cf6c0 
make[1]: Leaving directory '/workspaces/PyAuth/cJSON_BUILD/CMakeFiles/CMakeTmp'


Source file was:
int main(void) { return 0; }
Performing C SOURCE FILE Test FLAG_SUPPORTED_Wstrictprototypes succeeded with the following output:
Change Dir: /workspaces/PyAuth/cJSON_BUILD/CMakeFiles/CMakeTmp

Run Build Command(s):/usr/bin/make cmTC_2a7ae/fast && /usr/bin/make -f CMakeFiles/cmTC_2a7ae.dir/build.make CMakeFiles/cmTC_2a7ae.dir/build
make[1]: Entering directory '/workspaces/PyAuth/cJSON_BUILD/CMakeFiles/CMakeTmp'
Building C object CMakeFiles/cmTC_2a7ae.dir/src.c.o
/usr/bin/cc   -std=c89 -pedantic -Wall -Wextra -Werror -DFLAG_SUPPORTED_Wstrictprototypes   -Wstrict-prototypes -o CMakeFiles/cmTC_2a7ae.dir/src.c.o   -c /workspaces/PyAuth/cJSON_BUILD/CMakeFiles/CMakeTmp/src.c
Linking C executable cmTC_2a7ae
/usr/bin/cmake -E cmake_link_script CMakeFiles/cmTC_2a7ae.dir/link.txt --verbose=1
/usr/bin/cc  -std=c89 -pedantic -Wall -Wextra -Werror -DFLAG_SUPPORTED_Wstrictprototypes    -rdynamic CMakeFiles/cmTC_2a7ae.dir/src.c.o  -o cmTC_2a7ae 
make[1]: Leaving directory '/workspaces/PyAuth/cJSON_BUILD/CMakeFiles/CMakeTmp'


Source file was:
int main(void) { return 0; }
Performing C SOURCE FILE Test FLAG_SUPPORTED_Wwritestrings succeeded with the following output:
Change Dir: /workspaces/PyAuth/cJSON_BUILD/CMakeFiles/CMakeTmp

Run Build Command(s):/usr/bin/make cmTC_22516/fast && /usr/bin/make -f CMakeFiles/cmTC_22516.dir/build.make CMakeFiles/cmTC_22516.dir/build
make[1]: Entering directory '/workspaces/PyAuth/cJSON_BUILD/CMakeFiles/CMakeTmp'
Building C object CMakeFiles/cmTC_22516.dir/src.c.o
/usr/bin/cc   -std=c89 -pedantic -Wall -Wextra -Werror -Wstrict-prototypes -DFLAG_SUPPORTED_Wwritestrings   -Wwrite-strings -o CMakeFiles/cmTC_22516.dir/src.c.o   -c /workspaces/PyAuth/cJSON_BUILD/CMakeFiles/CMakeTmp/src.c
Linking C executable cmTC_22516
/usr/bin/cmake -E cmake_link_script CMakeFiles/cmTC_22516.dir/link.txt --verbose=1
/usr/bin/cc  -std=c89 -pedantic -Wall -Wextra -Werror -Wstrict-prototypes -DFLAG_SUPPORTED_Wwritestrings    -rdynamic CMakeFiles/cmTC_22516.dir/src.c.o  -o cmTC_22516 
make[1]: Leaving directory '/workspaces/PyAuth/cJSON_BUILD/CMakeFiles/CMakeTmp'


Source file was:
int main(void) { return 0; }
Performing C SOURCE FILE Test FLAG_SUPPORTED_Wshadow succeeded with the following output:
Change Dir: /workspaces/PyAuth/cJSON_BUILD/CMakeFiles/CMakeTmp

Run Build Command(s):/usr/bin/make cmTC_df57f/fast && /usr/bin/make -f CMakeFiles/cmTC_df57f.dir/build.make CMakeFiles/cmTC_df57f.dir/build
make[1]: Entering directory '/workspaces/PyAuth/cJSON_BUILD/CMakeFiles/CMakeTmp'
Building C object CMakeFiles/cmTC_df57f.dir/src.c.o
/usr/bin/cc   -std=c89 -pedantic -Wall -Wextra -Werror -Wstrict-prototypes -Wwrite-strings -DFLAG_SUPPORTED_Wshadow   -Wshadow -o CMakeFiles/cmTC_df57f.dir/src.c.o   -c /workspaces/PyAuth/cJSON_BUILD/CMakeFiles/CMakeTmp/src.c
Linking C executable cmTC_df57f
/usr/bin/cmake -E cmake_link_script CMakeFiles/cmTC_df57f.dir/link.txt --verbose=1
/usr/bin/cc  -std=c89 -pedantic -Wall -Wextra -Werror -Wstrict-prototypes -Wwrite-strings -DFLAG_SUPPORTED_Wshadow    -rdynamic CMakeFiles/cmTC_df57f.dir/src.c.o  -o cmTC_df57f 
make[1]: Leaving directory '/workspaces/PyAuth/cJSON_BUILD/CMakeFiles/CMakeTmp'


Source file was:
int main(void) { return 0; }
Performing C SOURCE FILE Test FLAG_SUPPORTED_Winitself succeeded with the following output:
Change Dir: /workspaces/PyAuth/cJSON_BUILD/CMakeFiles/CMakeTmp

Run Build Command(s):/usr/bin/make cmTC_51407/fast && /usr/bin/make -f CMakeFiles/cmTC_51407.dir/build.make CMakeFiles/cmTC_51407.dir/build
make[1]: Entering directory '/workspaces/PyAuth/cJSON_BUILD/CMakeFiles/CMakeTmp'
Building C object CMakeFiles/cmTC_51407.dir/src.c.o
/usr/bin/cc   -std=c89 -pedantic -Wall -Wextra -Werror -Wstrict-prototypes -Wwrite-strings -Wshadow -DFLAG_SUPPORTED_Winitself   -Winit-self -o CMakeFiles/cmTC_51407.dir/src.c.o   -c /workspaces/PyAuth/cJSON_BUILD/CMakeFiles/CMakeTmp/src.c
Linking C executable cmTC_51407
/usr/bin/cmake -E cmake_link_script CMakeFiles/cmTC_51407.dir/link.txt --verbose=1
/usr/bin/cc  -std=c89 -pedantic -Wall -Wextra -Werror -Wstrict-prototypes -Wwrite-strings -Wshadow -DFLAG_SUPPORTED_Winitself    -rdynamic CMakeFiles/cmTC_51407.dir/src.c.o  -o cmTC_51407 
make[1]: Leaving directory '/workspaces/PyAuth/cJSON_BUILD/CMakeFiles/CMakeTmp'


Source file was:
int main(void) { return 0; }
Performing C SOURCE FILE Test FLAG_SUPPORTED_Wcastalign succeeded with the following output:
Change Dir: /workspaces/PyAuth/cJSON_BUILD/CMakeFiles/CMakeTmp

Run Build Command(s):/usr/bin/make cmTC_19b93/fast && /usr/bin/make -f CMakeFiles/cmTC_19b93.dir/build.make CMakeFiles/cmTC_19b93.dir/build
make[1]: Entering directory '/workspaces/PyAuth/cJSON_BUILD/CMakeFiles/CMakeTmp'
Building C object CMakeFiles/cmTC_19b93.dir/src.c.o
/usr/bin/cc   -std=c89 -pedantic -Wall -Wextra -Werror -Wstrict-prototypes -Wwrite-strings -Wshadow -Winit-self -DFLAG_SUPPORTED_Wcastalign   -Wcast-align -o CMakeFiles/cmTC_19b93.dir/src.c.o   -c /workspaces/PyAuth/cJSON_BUILD/CMakeFiles/CMakeTmp/src.c
Linking C executable cmTC_19b93
/usr/bin/cmake -E cmake_link_script CMakeFiles/cmTC_19b93.dir/link.txt --verbose=1
/usr/bin/cc  -std=c89 -pedantic -Wall -Wextra -Werror -Wstrict-prototypes -Wwrite-strings -Wshadow -Winit-self -DFLAG_SUPPORTED_Wcastalign    -rdynamic CMakeFiles/cmTC_19b93.dir/src.c.o  -o cmTC_19b93 
make[1]: Leaving directory '/workspaces/PyAuth/cJSON_BUILD/CMakeFiles/CMakeTmp'


Source file was:
int main(void) { return 0; }
Performing C SOURCE FILE Test FLAG_SUPPORTED_Wformat2 succeeded with the following output:
Change Dir: /workspaces/PyAuth/cJSON_BUILD/CMakeFiles/CMakeTmp

Run Build Command(s):/usr/bin/make cmTC_63043/fast && /usr/bin/make -f CMakeFiles/cmTC_63043.dir/build.make CMakeFiles/cmTC_63043.dir/build
make[1]: Entering directory '/workspaces/PyAuth/cJSON_BUILD/CMakeFiles/CMakeTmp'
Building C object CMakeFiles/cmTC_63043.dir/src.c.o
/usr/bin/cc   -std=c89 -pedantic -Wall -Wextra -Werror -Wstrict-prototypes -Wwrite-strings -Wshadow -Winit-self -Wcast-align -DFLAG_SUPPORTED_Wformat2   -Wformat=2 -o CMakeFiles/cmTC_63043.dir/src.c.o   -c /workspaces/PyAuth/cJSON_BUILD/CMakeFiles/CMakeTmp/src.c
Linking C executable cmTC_63043
/usr/bin/cmake -E cmake_link_script CMakeFiles/cmTC_63043.dir/link.txt --verbose=1
/usr/bin/cc  -std=c89 -pedantic -Wall -Wextra -Werror -Wstrict-prototypes -Wwrite-strings -Wshadow -Winit-self -Wcast-align -DFLAG_SUPPORTED_Wformat2    -rdynamic CMakeFiles/cmTC_63043.dir/src.c.o  -o cmTC_63043 
make[1]: Leaving directory '/workspaces/PyAuth/cJSON_BUILD/CMakeFiles/CMakeTmp'


Source file was:
int main(void) { return 0; }
Performing C SOURCE FILE Test FLAG_SUPPORTED_Wmissingprototypes succeeded with the following output:
Change Dir: /workspaces/PyAuth/cJSON_BUILD/CMakeFiles/CMakeTmp

Run Build Command(s):/usr/bin/make cmTC_09c38/fast && /usr/bin/make -f CMakeFiles/cmTC_09c38.dir/build.make CMakeFiles/cmTC_09c38.dir/build
make[1]: Entering directory '/workspaces/PyAuth/cJSON_BUILD/CMakeFiles/CMakeTmp'
Building C object CMakeFiles/cmTC_09c38.dir/src.c.o
/usr/bin/cc   -std=c89 -pedantic -Wall -Wextra -Werror -Wstrict-prototypes -Wwrite-strings -Wshadow -Winit-self -Wcast-align -Wformat=2 -DFLAG_SUPPORTED_Wmissingprototypes   -Wmissing-prototypes -o CMakeFiles/cmTC_09c38.dir/src.c.o   -c /workspaces/PyAuth/cJSON_BUILD/CMakeFiles/CMakeTmp/src.c
Linking C executable cmTC_09c38
/usr/bin/cmake -E cmake_link_script CMakeFiles/cmTC_09c38.dir/link.txt --verbose=1
/usr/bin/cc  -std=c89 -pedantic -Wall -Wextra -Werror -Wstrict-prototypes -Wwrite-strings -Wshadow -Winit-self -Wcast-align -Wformat=2 -DFLAG_SUPPORTED_Wmissingprototypes    -rdynamic CMakeFiles/cmTC_09c38.dir/src.c.o  -o cmTC_09c38 
make[1]: Leaving directory '/workspaces/PyAuth/cJSON_BUILD/CMakeFiles/CMakeTmp'


Source file was:
int main(void) { return 0; }
Performing C SOURCE FILE Test FLAG_SUPPORTED_Wstrictoverflow2 succeeded with the following output:
Change Dir: /workspaces/PyAuth/cJSON_BUILD/CMakeFiles/CMakeTmp

Run Build Command(s):/usr/bin/make cmTC_94300/fast && /usr/bin/make -f CMakeFiles/cmTC_94300.dir/build.make CMakeFiles/cmTC_94300.dir/build
make[1]: Entering directory '/workspaces/PyAuth/cJSON_BUILD/CMakeFiles/CMakeTmp'
Building C object CMakeFiles/cmTC_94300.dir/src.c.o
/usr/bin/cc   -std=c89 -pedantic -Wall -Wextra -Werror -Wstrict-prototypes -Wwrite-strings -Wshadow -Winit-self -Wcast-align -Wformat=2 -Wmissing-prototypes -DFLAG_SUPPORTED_Wstrictoverflow2   -Wstrict-overflow=2 -o CMakeFiles/cmTC_94300.dir/src.c.o   -c /workspaces/PyAuth/cJSON_BUILD/CMakeFiles/CMakeTmp/src.c
Linking C executable cmTC_94300
/usr/bin/cmake -E cmake_link_script CMakeFiles/cmTC_94300.dir/link.txt --verbose=1
/usr/bin/cc  -std=c89 -pedantic -Wall -Wextra -Werror -Wstrict-prototypes -Wwrite-strings -Wshadow -Winit-self -Wcast-align -Wformat=2 -Wmissing-prototypes -DFLAG_SUPPORTED_Wstrictoverflow2    -rdynamic CMakeFiles/cmTC_94300.dir/src.c.o  -o cmTC_94300 
make[1]: Leaving directory '/workspaces/PyAuth/cJSON_BUILD/CMakeFiles/CMakeTmp'


Source file was:
int main(void) { return 0; }
Performing C SOURCE FILE Test FLAG_SUPPORTED_Wcastqual succeeded with the following output:
Change Dir: /workspaces/PyAuth/cJSON_BUILD/CMakeFiles/CMakeTmp

Run Build Command(s):/usr/bin/make cmTC_e5fab/fast && /usr/bin/make -f CMakeFiles/cmTC_e5fab.dir/build.make CMakeFiles/cmTC_e5fab.dir/build
make[1]: Entering directory '/workspaces/PyAuth/cJSON_BUILD/CMakeFiles/CMakeTmp'
Building C object CMakeFiles/cmTC_e5fab.dir/src.c.o
/usr/bin/cc   -std=c89 -pedantic -Wall -Wextra -Werror -Wstrict-prototypes -Wwrite-strings -Wshadow -Winit-self -Wcast-align -Wformat=2 -Wmissing-prototypes -Wstrict-overflow=2 -DFLAG_SUPPORTED_Wcastqual   -Wcast-qual -o CMakeFiles/cmTC_e5fab.dir/src.c.o   -c /workspaces/PyAuth/cJSON_BUILD/CMakeFiles/CMakeTmp/src.c
Linking C executable cmTC_e5fab
/usr/bin/cmake -E cmake_link_script CMakeFiles/cmTC_e5fab.dir/link.txt --verbose=1
/usr/bin/cc  -std=c89 -pedantic -Wall -Wextra -Werror -Wstrict-prototypes -Wwrite-strings -Wshadow -Winit-self -Wcast-align -Wformat=2 -Wmissing-prototypes -Wstrict-overflow=2 -DFLAG_SUPPORTED_Wcastqual    -rdynamic CMakeFiles/cmTC_e5fab.dir/src.c.o  -o cmTC_e5fab 
make[1]: Leaving directory '/workspaces/PyAuth/cJSON_BUILD/CMakeFiles/CMakeTmp'


Source file was:
int main(void) { return 0; }
Performing C SOURCE FILE Test FLAG_SUPPORTED_Wundef succeeded with the following output:
Change Dir: /workspaces/PyAuth/cJSON_BUILD/CMakeFiles/CMakeTmp

Run Build Command(s):/usr/bin/make cmTC_393ac/fast && /usr/bin/make -f CMakeFiles/cmTC_393ac.dir/build.make CMakeFiles/cmTC_393ac.dir/build
make[1]: Entering directory '/workspaces/PyAuth/cJSON_BUILD/CMakeFiles/CMakeTmp'
Building C object CMakeFiles/cmTC_393ac.dir/src.c.o
/usr/bin/cc   -std=c89 -pedantic -Wall -Wextra -Werror -Wstrict-prototypes -Wwrite-strings -Wshadow -Winit-self -Wcast-align -Wformat=2 -Wmissing-prototypes -Wstrict-overflow=2 -Wcast-qual -DFLAG_SUPPORTED_Wundef   -Wundef -o CMakeFiles/cmTC_393ac.dir/src.c.o   -c /workspaces/PyAuth/cJSON_BUILD/CMakeFiles/CMakeTmp/src.c
Linking C executable cmTC_393ac
/usr/bin/cmake -E cmake_link_script CMakeFiles/cmTC_393ac.dir/link.txt --verbose=1
/usr/bin/cc  -std=c89 -pedantic -Wall -Wextra -Werror -Wstrict-prototypes -Wwrite-strings -Wshadow -Winit-self -Wcast-align -Wformat=2 -Wmissing-prototypes -Wstrict-overflow=2 -Wcast-qual -DFLAG_SUPPORTED_Wundef    -rdynamic CMakeFiles/cmTC_393ac.dir/src.c.o  -o cmTC_393ac 
make[1]: Leaving directory '/workspaces/PyAuth/cJSON_BUILD/CMakeFiles/CMakeTmp'


Source file was:
int main(void) { return 0; }
Performing C SOURCE FILE Test FLAG_SUPPORTED_Wswitchdefault succeeded with the following output:
Change Dir: /workspaces/PyAuth/cJSON_BUILD/CMakeFiles/CMakeTmp

Run Build Command(s):/usr/bin/make cmTC_758f9/fast && /usr/bin/make -f CMakeFiles/cmTC_758f9.dir/build.make CMakeFiles/cmTC_758f9.dir/build
make[1]: Entering directory '/workspaces/PyAuth/cJSON_BUILD/CMakeFiles/CMakeTmp'
Building C object CMakeFiles/cmTC_758f9.dir/src.c.o
/usr/bin/cc   -std=c89 -pedantic -Wall -Wextra -Werror -Wstrict-prototypes -Wwrite-strings -Wshadow -Winit-self -Wcast-align -Wformat=2 -Wmissing-prototypes -Wstrict-overflow=2 -Wcast-qual -Wundef -DFLAG_SUPPORTED_Wswitchdefault   -Wswitch-default -o CMakeFiles/cmTC_758f9.dir/src.c.o   -c /workspaces/PyAuth/cJSON_BUILD/CMakeFiles/CMakeTmp/src.c
Linking C executable cmTC_758f9
/usr/bin/cmake -E cmake_link_script CMakeFiles/cmTC_758f9.dir/link.txt --verbose=1
/usr/bin/cc  -std=c89 -pedantic -Wall -Wextra -Werror -Wstrict-prototypes -Wwrite-strings -Wshadow -Winit-self -Wcast-align -Wformat=2 -Wmissing-prototypes -Wstrict-overflow=2 -Wcast-qual -Wundef -DFLAG_SUPPORTED_Wswitchdefault    -rdynamic CMakeFiles/cmTC_758f9.dir/src.c.o  -o cmTC_758f9 
make[1]: Leaving directory '/workspaces/PyAuth/cJSON_BUILD/CMakeFiles/CMakeTmp'


Source file was:
int main(void) { return 0; }
Performing C SOURCE FILE Test FLAG_SUPPORTED_Wconversion succeeded with the following output:
Change Dir: /workspaces/PyAuth/cJSON_BUILD/CMakeFiles/CMakeTmp

Run Build Command(s):/usr/bin/make cmTC_ae418/fast && /usr/bin/make -f CMakeFiles/cmTC_ae418.dir/build.make CMakeFiles/cmTC_ae418.dir/build
make[1]: Entering directory '/workspaces/PyAuth/cJSON_BUILD/CMakeFiles/CMakeTmp'
Building C object CMakeFiles/cmTC_ae418.dir/src.c.o
/usr/bin/cc   -std=c89 -pedantic -Wall -Wextra -Werror -Wstrict-prototypes -Wwrite-strings -Wshadow -Winit-self -Wcast-align -Wformat=2 -Wmissing-prototypes -Wstrict-overflow=2 -Wcast-qual -Wundef -Wswitch-default -DFLAG_SUPPORTED_Wconversion   -Wconversion -o CMakeFiles/cmTC_ae418.dir/src.c.o   -c /workspaces/PyAuth/cJSON_BUILD/CMakeFiles/CMakeTmp/src.c
Linking C executable cmTC_ae418
/usr/bin/cmake -E cmake_link_script CMakeFiles/cmTC_ae418.dir/link.txt --verbose=1
/usr/bin/cc  -std=c89 -pedantic -Wall -Wextra -Werror -Wstrict-prototypes -Wwrite-strings -Wshadow -Winit-self -Wcast-align -Wformat=2 -Wmissing-prototypes -Wstrict-overflow=2 -Wcast-qual -Wundef -Wswitch-default -DFLAG_SUPPORTED_Wconversion    -rdynamic CMakeFiles/cmTC_ae418.dir/src.c.o  -o cmTC_ae418 
make[1]: Leaving directory '/workspaces/PyAuth/cJSON_BUILD/CMakeFiles/CMakeTmp'


Source file was:
int main(void) { return 0; }
Performing C SOURCE FILE Test FLAG_SUPPORTED_Wccompat succeeded with the following output:
Change Dir: /workspaces/PyAuth/cJSON_BUILD/CMakeFiles/CMakeTmp

Run Build Command(s):/usr/bin/make cmTC_66c1e/fast && /usr/bin/make -f CMakeFiles/cmTC_66c1e.dir/build.make CMakeFiles/cmTC_66c1e.dir/build
make[1]: Entering directory '/workspaces/PyAuth/cJSON_BUILD/CMakeFiles/CMakeTmp'
Building C object CMakeFiles/cmTC_66c1e.dir/src.c.o
/usr/bin/cc   -std=c89 -pedantic -Wall -Wextra -Werror -Wstrict-prototypes -Wwrite-strings -Wshadow -Winit-self -Wcast-align -Wformat=2 -Wmissing-prototypes -Wstrict-overflow=2 -Wcast-qual -Wundef -Wswitch-default -Wconversion -DFLAG_SUPPORTED_Wccompat   -Wc++-compat -o CMakeFiles/cmTC_66c1e.dir/src.c.o   -c /workspaces/PyAuth/cJSON_BUILD/CMakeFiles/CMakeTmp/src.c
Linking C executable cmTC_66c1e
/usr/bin/cmake -E cmake_link_script CMakeFiles/cmTC_66c1e.dir/link.txt --verbose=1
/usr/bin/cc  -std=c89 -pedantic -Wall -Wextra -Werror -Wstrict-prototypes -Wwrite-strings -Wshadow -Winit-self -Wcast-align -Wformat=2 -Wmissing-prototypes -Wstrict-overflow=2 -Wcast-qual -Wundef -Wswitch-default -Wconversion -DFLAG_SUPPORTED_Wccompat    -rdynamic CMakeFiles/cmTC_66c1e.dir/src.c.o  -o cmTC_66c1e 
make[1]: Leaving directory '/workspaces/PyAuth/cJSON_BUILD/CMakeFiles/CMakeTmp'


Source file was:
int main(void) { return 0; }
Performing C SOURCE FILE Test FLAG_SUPPORTED_fstackprotectorstrong succeeded with the following output:
Change Dir: /workspaces/PyAuth/cJSON_BUILD/CMakeFiles/CMakeTmp

Run Build Command(s):/usr/bin/make cmTC_7d288/fast && /usr/bin/make -f CMakeFiles/cmTC_7d288.dir/build.make CMakeFiles/cmTC_7d288.dir/build
make[1]: Entering directory '/workspaces/PyAuth/cJSON_BUILD/CMakeFiles/CMakeTmp'
Building C object CMakeFiles/cmTC_7d288.dir/src.c.o
/usr/bin/cc   -std=c89 -pedantic -Wall -Wextra -Werror -Wstrict-prototypes -Wwrite-strings -Wshadow -Winit-self -Wcast-align -Wformat=2 -Wmissing-prototypes -Wstrict-overflow=2 -Wcast-qual -Wundef -Wswitch-default -Wconversion -Wc++-compat -DFLAG_SUPPORTED_fstackprotectorstrong   -fstack-protector-strong -o CMakeFiles/cmTC_7d288.dir/src.c.o   -c /workspaces/PyAuth/cJSON_BUILD/CMakeFiles/CMakeTmp/src.c
Linking C executable cmTC_7d288
/usr/bin/cmake -E cmake_link_script CMakeFiles/cmTC_7d288.dir/link.txt --verbose=1
/usr/bin/cc  -std=c89 -pedantic -Wall -Wextra -Werror -Wstrict-prototypes -Wwrite-strings -Wshadow -Winit-self -Wcast-align -Wformat=2 -Wmissing-prototypes -Wstrict-overflow=2 -Wcast-qual -Wundef -Wswitch-default -Wconversion -Wc++-compat -DFLAG_SUPPORTED_fstackprotectorstrong    -rdynamic CMakeFiles/cmTC_7d288.dir/src.c.o  -o cmTC_7d288 
make[1]: Leaving directory '/workspaces/PyAuth/cJSON_BUILD/CMakeFiles/CMakeTmp'


Source file was:
int main(void) { return 0; }
Performing C SOURCE FILE Test FLAG_SUPPORTED_Wdoublepromotion succeeded with the following output:
Change Dir: /workspaces/PyAuth/cJSON_BUILD/CMakeFiles/CMakeTmp

Run Build Command(s):/usr/bin/make cmTC_fb9fe/fast && /usr/bin/make -f CMakeFiles/cmTC_fb9fe.dir/build.make CMakeFiles/cmTC_fb9fe.dir/build
make[1]: Entering directory '/workspaces/PyAuth/cJSON_BUILD/CMakeFiles/CMakeTmp'
Building C object CMakeFiles/cmTC_fb9fe.dir/src.c.o
/usr/bin/cc   -std=c89 -pedantic -Wall -Wextra -Werror -Wstrict-prototypes -Wwrite-strings -Wshadow -Winit-self -Wcast-align -Wformat=2 -Wmissing-prototypes -Wstrict-overflow=2 -Wcast-qual -Wundef -Wswitch-default -Wconversion -Wc++-compat -fstack-protector-strong -DFLAG_SUPPORTED_Wdoublepromotion   -Wdouble-promotion -o CMakeFiles/cmTC_fb9fe.dir/src.c.o   -c /workspaces/PyAuth/cJSON_BUILD/CMakeFiles/CMakeTmp/src.c
Linking C executable cmTC_fb9fe
/usr/bin/cmake -E cmake_link_script CMakeFiles/cmTC_fb9fe.dir/link.txt --verbose=1
/usr/bin/cc  -std=c89 -pedantic -Wall -Wextra -Werror -Wstrict-prototypes -Wwrite-strings -Wshadow -Winit-self -Wcast-align -Wformat=2 -Wmissing-prototypes -Wstrict-overflow=2 -Wcast-qual -Wundef -Wswitch-default -Wconversion -Wc++-compat -fstack-protector-strong -DFLAG_SUPPORTED_Wdoublepromotion    -rdynamic CMakeFiles/cmTC_fb9fe.dir/src.c.o  -o cmTC_fb9fe 
make[1]: Leaving directory '/workspaces/PyAuth/cJSON_BUILD/CMakeFiles/CMakeTmp'


Source file was:
int main(void) { return 0; }
Performing C SOURCE FILE Test FLAG_SUPPORTED_Wparentheses succeeded with the following output:
Change Dir: /workspaces/PyAuth/cJSON_BUILD/CMakeFiles/CMakeTmp

Run Build Command(s):/usr/bin/make cmTC_da810/fast && /usr/bin/make -f CMakeFiles/cmTC_da810.dir/build.make CMakeFiles/cmTC_da810.dir/build
make[1]: Entering directory '/workspaces/PyAuth/cJSON_BUILD/CMakeFiles/CMakeTmp'
Building C object CMakeFiles/cmTC_da810.dir/src.c.o
/usr/bin/cc   -std=c89 -pedantic -Wall -Wextra -Werror -Wstrict-prototypes -Wwrite-strings -Wshadow -Winit-self -Wcast-align -Wformat=2 -Wmissing-prototypes -Wstrict-overflow=2 -Wcast-qual -Wundef -Wswitch-default -Wconversion -Wc++-compat -fstack-protector-strong -Wdouble-promotion -DFLAG_SUPPORTED_Wparentheses   -Wparentheses -o CMakeFiles/cmTC_da810.dir/src.c.o   -c /workspaces/PyAuth/cJSON_BUILD/CMakeFiles/CMakeTmp/src.c
Linking C executable cmTC_da810
/usr/bin/cmake -E cmake_link_script CMakeFiles/cmTC_da810.dir/link.txt --verbose=1
/usr/bin/cc  -std=c89 -pedantic -Wall -Wextra -Werror -Wstrict-prototypes -Wwrite-strings -Wshadow -Winit-self -Wcast-align -Wformat=2 -Wmissing-prototypes -Wstrict-overflow=2 -Wcast-qual -Wundef -Wswitch-default -Wconversion -Wc++-compat -fstack-protector-strong -Wdouble-promotion -DFLAG_SUPPORTED_Wparentheses    -rdynamic CMakeFiles/cmTC_da810.dir/src.c.o  -o cmTC_da810 
make[1]: Leaving directory '/workspaces/PyAuth/cJSON_BUILD/CMakeFiles/CMakeTmp'


Source file was:
int main(void) { return 0; }
Performing C SOURCE FILE Test FLAG_SUPPORTED_Wformatoverflow succeeded with the following output:
Change Dir: /workspaces/PyAuth/cJSON_BUILD/CMakeFiles/CMakeTmp

Run Build Command(s):/usr/bin/make cmTC_0b8c6/fast && /usr/bin/make -f CMakeFiles/cmTC_0b8c6.dir/build.make CMakeFiles/cmTC_0b8c6.dir/build
make[1]: Entering directory '/workspaces/PyAuth/cJSON_BUILD/CMakeFiles/CMakeTmp'
Building C object CMakeFiles/cmTC_0b8c6.dir/src.c.o
/usr/bin/cc   -std=c89 -pedantic -Wall -Wextra -Werror -Wstrict-prototypes -Wwrite-strings -Wshadow -Winit-self -Wcast-align -Wformat=2 -Wmissing-prototypes -Wstrict-overflow=2 -Wcast-qual -Wundef -Wswitch-default -Wconversion -Wc++-compat -fstack-protector-strong -Wdouble-promotion -Wparentheses -DFLAG_SUPPORTED_Wformatoverflow   -Wformat-overflow -o CMakeFiles/cmTC_0b8c6.dir/src.c.o   -c /workspaces/PyAuth/cJSON_BUILD/CMakeFiles/CMakeTmp/src.c
Linking C executable cmTC_0b8c6
/usr/bin/cmake -E cmake_link_script CMakeFiles/cmTC_0b8c6.dir/link.txt --verbose=1
/usr/bin/cc  -std=c89 -pedantic -Wall -Wextra -Werror -Wstrict-prototypes -Wwrite-strings -Wshadow -Winit-self -Wcast-align -Wformat=2 -Wmissing-prototypes -Wstrict-overflow=2 -Wcast-qual -Wundef -Wswitch-default -Wconversion -Wc++-compat -fstack-protector-strong -Wdouble-promotion -Wparentheses -DFLAG_SUPPORTED_Wformatoverflow    -rdynamic CMakeFiles/cmTC_0b8c6.dir/src.c.o  -o cmTC_0b8c6 
make[1]: Leaving directory '/workspaces/PyAuth/cJSON_BUILD/CMakeFiles/CMakeTmp'


Source file was:
int main(void) { return 0; }
Performing C SOURCE FILE Test FLAG_SUPPORTED_Wunusedmacros succeeded with the following output:
Change Dir: /workspaces/PyAuth/cJSON_BUILD/CMakeFiles/CMakeTmp

Run Build Command(s):/usr/bin/make cmTC_2d310/fast && /usr/bin/make -f CMakeFiles/cmTC_2d310.dir/build.make CMakeFiles/cmTC_2d310.dir/build
make[1]: Entering directory '/workspaces/PyAuth/cJSON_BUILD/CMakeFiles/CMakeTmp'
Building C object CMakeFiles/cmTC_2d310.dir/src.c.o
/usr/bin/cc   -std=c89 -pedantic -Wall -Wextra -Werror -Wstrict-prototypes -Wwrite-strings -Wshadow -Winit-self -Wcast-align -Wformat=2 -Wmissing-prototypes -Wstrict-overflow=2 -Wcast-qual -Wundef -Wswitch-default -Wconversion -Wc++-compat -fstack-protector-strong -Wdouble-promotion -Wparentheses -Wformat-overflow -DFLAG_SUPPORTED_Wunusedmacros   -Wunused-macros -o CMakeFiles/cmTC_2d310.dir/src.c.o   -c /workspaces/PyAuth/cJSON_BUILD/CMakeFiles/CMakeTmp/src.c
Linking C executable cmTC_2d310
/usr/bin/cmake -E cmake_link_script CMakeFiles/cmTC_2d310.dir/link.txt --verbose=1
/usr/bin/cc  -std=c89 -pedantic -Wall -Wextra -Werror -Wstrict-prototypes -Wwrite-strings -Wshadow -Winit-self -Wcast-align -Wformat=2 -Wmissing-prototypes -Wstrict-overflow=2 -Wcast-qual -Wundef -Wswitch-default -Wconversion -Wc++-compat -fstack-protector-strong -Wdouble-promotion -Wparentheses -Wformat-overflow -DFLAG_SUPPORTED_Wunusedmacros    -rdynamic CMakeFiles/cmTC_2d310.dir/src.c.o  -o cmTC_2d310 
make[1]: Leaving directory '/workspaces/PyAuth/cJSON_BUILD/CMakeFiles/CMakeTmp'


Source file was:
int main(void) { return 0; }
Performing C SOURCE FILE Test FLAG_SUPPORTED_Wswitchenum succeeded with the following output:
Change Dir: /workspaces/PyAuth/cJSON_BUILD/CMakeFiles/CMakeTmp

Run Build Command(s):/usr/bin/make cmTC_5e5e0/fast && /usr/bin/make -f CMakeFiles/cmTC_5e5e0.dir/build.make CMakeFiles/cmTC_5e5e0.dir/build
make[1]: Entering directory '/workspaces/PyAuth/cJSON_BUILD/CMakeFiles/CMakeTmp'
Building C object CMakeFiles/cmTC_5e5e0.dir/src.c.o
/usr/bin/cc   -std=c89 -pedantic -Wall -Wextra -Werror -Wstrict-prototypes -Wwrite-strings -Wshadow -Winit-self -Wcast-align -Wformat=2 -Wmissing-prototypes -Wstrict-overflow=2 -Wcast-qual -Wundef -Wswitch-default -Wconversion -Wc++-compat -fstack-protector-strong -Wdouble-promotion -Wparentheses -Wformat-overflow -Wunused-macros -DFLAG_SUPPORTED_Wswitchenum   -Wswitch-enum -o CMakeFiles/cmTC_5e5e0.dir/src.c.o   -c /workspaces/PyAuth/cJSON_BUILD/CMakeFiles/CMakeTmp/src.c
Linking C executable cmTC_5e5e0
/usr/bin/cmake -E cmake_link_script CMakeFiles/cmTC_5e5e0.dir/link.txt --verbose=1
/usr/bin/cc  -std=c89 -pedantic -Wall -Wextra -Werror -Wstrict-prototypes -Wwrite-strings -Wshadow -Winit-self -Wcast-align -Wformat=2 -Wmissing-prototypes -Wstrict-overflow=2 -Wcast-qual -Wundef -Wswitch-default -Wconversion -Wc++-compat -fstack-protector-strong -Wdouble-promotion -Wparentheses -Wformat-overflow -Wunused-macros -DFLAG_SUPPORTED_Wswitchenum    -rdynamic CMakeFiles/cmTC_5e5e0.dir/src.c.o  -o cmTC_5e5e0 
make[1]: Leaving directory '/workspaces/PyAuth/cJSON_BUILD/CMakeFiles/CMakeTmp'


Source file was:
int main(void) { return 0; }
Performing C SOURCE FILE Test FLAG_SUPPORTED_fvisibilityhidden succeeded with the following output:
Change Dir: /workspaces/PyAuth/cJSON_BUILD/CMakeFiles/CMakeTmp

Run Build Command(s):/usr/bin/make cmTC_a3158/fast && /usr/bin/make -f CMakeFiles/cmTC_a3158.dir/build.make CMakeFiles/cmTC_a3158.dir/build
make[1]: Entering directory '/workspaces/PyAuth/cJSON_BUILD/CMakeFiles/CMakeTmp'
Building C object CMakeFiles/cmTC_a3158.dir/src.c.o
/usr/bin/cc   -std=c89 -pedantic -Wall -Wextra -Werror -Wstrict-prototypes -Wwrite-strings -Wshadow -Winit-self -Wcast-align -Wformat=2 -Wmissing-prototypes -Wstrict-overflow=2 -Wcast-qual -Wundef -Wswitch-default -Wconversion -Wc++-compat -fstack-protector-strong -Wdouble-promotion -Wparentheses -Wformat-overflow -Wunused-macros -Wswitch-enum -DFLAG_SUPPORTED_fvisibilityhidden   -fvisibility=hidden -o CMakeFiles/cmTC_a3158.dir/src.c.o   -c /workspaces/PyAuth/cJSON_BUILD/CMakeFiles/CMakeTmp/src.c
Linking C executable cmTC_a3158
/usr/bin/cmake -E cmake_link_script CMakeFiles/cmTC_a3158.dir/link.txt --verbose=1
/usr/bin/cc  -std=c89 -pedantic -Wall -Wextra -Werror -Wstrict-prototypes -Wwrite-strings -Wshadow -Winit-self -Wcast-align -Wformat=2 -Wmissing-prototypes -Wstrict-overflow=2 -Wcast-qual -Wundef -Wswitch-default -Wconversion -Wc++-compat -fstack-protector-strong -Wdouble-promotion -Wparentheses -Wformat-overflow -Wunused-macros -Wswitch-enum -DFLAG_SUPPORTED_fvisibilityhidden    -rdynamic CMakeFiles/cmTC_a3158.dir/src.c.o  -o cmTC_a3158 
make[1]: Leaving directory '/workspaces/PyAuth/cJSON_BUILD/CMakeFiles/CMakeTmp'


Source file was:
int main(void) { return 0; }
